{"uid":"380220f38d87d88","name":"User should NOT be able to create build type for not their project","fullName":"com.example.teamcity.ui.CreateProjectTest.userCreatesBuildTypeForNotTheirProjectTest","historyId":"c2f0569d9d4a24ced331bfc97e332a9d","time":{"start":1732966906508,"stop":1732966917864,"duration":11356},"status":"failed","statusMessage":"Element should have disabled {[value=\"Proceed\"]}\nElement: '<input class=\"btn btn_primary submitButton \" name=\"createProjectFromUrl\" type=\"submit\" value=\"Proceed\"></input>'\nActual value: enabled\nScreenshot: file:/home/runner/work/teamcity-testing-framework/teamcity-testing-framework/build/reports/tests/1732966917285.0.png\nPage source: file:/home/runner/work/teamcity-testing-framework/teamcity-testing-framework/build/reports/tests/1732966917285.0.html\nTimeout: 4 s.","statusTrace":"Element should have disabled {[value=\"Proceed\"]}\nElement: '<input class=\"btn btn_primary submitButton \" name=\"createProjectFromUrl\" type=\"submit\" value=\"Proceed\"></input>'\nActual value: enabled\nScreenshot: file:/home/runner/work/teamcity-testing-framework/teamcity-testing-framework/build/reports/tests/1732966917285.0.png\nPage source: file:/home/runner/work/teamcity-testing-framework/teamcity-testing-framework/build/reports/tests/1732966917285.0.html\nTimeout: 4 s.\n\tat com.codeborne.selenide.impl.WebElementSource.handleError(WebElementSource.java:147)\n\tat com.codeborne.selenide.impl.WebElementSource.checkConditionAndReturnElement(WebElementSource.java:125)\n\tat com.codeborne.selenide.impl.WebElementSource.checkCondition(WebElementSource.java:102)\n\tat com.codeborne.selenide.commands.Should.execute(Should.java:30)\n\tat com.codeborne.selenide.commands.Should.execute(Should.java:14)\n\tat com.codeborne.selenide.commands.Commands.execute(Commands.java:162)\n\tat com.codeborne.selenide.impl.SelenideElementProxy.dispatchAndRetry(SelenideElementProxy.java:134)\n\tat com.codeborne.selenide.impl.SelenideElementProxy.invoke(SelenideElementProxy.java:86)\n\tat jdk.proxy2/jdk.proxy2.$Proxy11.shouldHave(Unknown Source)\n\tat com.example.teamcity.ui.CreateProjectTest.userCreatesBuildTypeForNotTheirProjectTest(CreateProjectTest.java:82)\n\tat java.base/jdk.internal.reflect.NativeMethodAccessorImpl.invoke0(Native Method)\n\tat java.base/jdk.internal.reflect.NativeMethodAccessorImpl.invoke(NativeMethodAccessorImpl.java:77)\n\tat java.base/jdk.internal.reflect.DelegatingMethodAccessorImpl.invoke(DelegatingMethodAccessorImpl.java:43)\n\tat java.base/java.lang.reflect.Method.invoke(Method.java:569)\n\tat org.testng.internal.invokers.MethodInvocationHelper.invokeMethod(MethodInvocationHelper.java:141)\n\tat org.testng.internal.invokers.TestInvoker.invokeMethod(TestInvoker.java:686)\n\tat org.testng.internal.invokers.TestInvoker.invokeTestMethod(TestInvoker.java:230)\n\tat org.testng.internal.invokers.MethodRunner.runInSequence(MethodRunner.java:63)\n\tat org.testng.internal.invokers.TestInvoker$MethodInvocationAgent.invoke(TestInvoker.java:992)\n\tat org.testng.internal.invokers.TestInvoker.invokeTestMethods(TestInvoker.java:203)\n\tat org.testng.internal.invokers.TestMethodWorker.invokeTestMethods(TestMethodWorker.java:154)\n\tat org.testng.internal.invokers.TestMethodWorker.run(TestMethodWorker.java:134)\n\tat java.base/java.util.ArrayList.forEach(ArrayList.java:1511)\n\tat org.testng.TestRunner.privateRun(TestRunner.java:739)\n\tat org.testng.TestRunner.run(TestRunner.java:614)\n\tat org.testng.SuiteRunner.runTest(SuiteRunner.java:421)\n\tat org.testng.SuiteRunner.runSequentially(SuiteRunner.java:413)\n\tat org.testng.SuiteRunner.privateRun(SuiteRunner.java:373)\n\tat org.testng.SuiteRunner.run(SuiteRunner.java:312)\n\tat org.testng.SuiteRunnerWorker.runSuite(SuiteRunnerWorker.java:52)\n\tat org.testng.SuiteRunnerWorker.run(SuiteRunnerWorker.java:95)\n\tat org.testng.TestNG.runSuitesSequentially(TestNG.java:1274)\n\tat org.testng.TestNG.runSuitesLocally(TestNG.java:1208)\n\tat org.testng.TestNG.runSuites(TestNG.java:1112)\n\tat org.testng.TestNG.run(TestNG.java:1079)\n\tat org.apache.maven.surefire.testng.TestNGExecutor.run(TestNGExecutor.java:155)\n\tat org.apache.maven.surefire.testng.TestNGDirectoryTestSuite.executeMulti(TestNGDirectoryTestSuite.java:169)\n\tat org.apache.maven.surefire.testng.TestNGDirectoryTestSuite.execute(TestNGDirectoryTestSuite.java:88)\n\tat org.apache.maven.surefire.testng.TestNGProvider.invoke(TestNGProvider.java:137)\n\tat org.apache.maven.surefire.booter.ForkedBooter.runSuitesInProcess(ForkedBooter.java:385)\n\tat org.apache.maven.surefire.booter.ForkedBooter.execute(ForkedBooter.java:162)\n\tat org.apache.maven.surefire.booter.ForkedBooter.run(ForkedBooter.java:507)\n\tat org.apache.maven.surefire.booter.ForkedBooter.main(ForkedBooter.java:495)\n","flaky":false,"newFailed":false,"newBroken":false,"newPassed":false,"retriesCount":0,"retriesStatusChange":false,"beforeStages":[{"name":"beforeTest","time":{"start":1732966906505,"stop":1732966906505,"duration":0},"description":"","status":"passed","steps":[],"attachments":[],"parameters":[],"shouldDisplayMessage":false,"stepsCount":0,"attachmentsCount":0,"hasContent":false}],"testStage":{"status":"failed","statusMessage":"Element should have disabled {[value=\"Proceed\"]}\nElement: '<input class=\"btn btn_primary submitButton \" name=\"createProjectFromUrl\" type=\"submit\" value=\"Proceed\"></input>'\nActual value: enabled\nScreenshot: file:/home/runner/work/teamcity-testing-framework/teamcity-testing-framework/build/reports/tests/1732966917285.0.png\nPage source: file:/home/runner/work/teamcity-testing-framework/teamcity-testing-framework/build/reports/tests/1732966917285.0.html\nTimeout: 4 s.","statusTrace":"Element should have disabled {[value=\"Proceed\"]}\nElement: '<input class=\"btn btn_primary submitButton \" name=\"createProjectFromUrl\" type=\"submit\" value=\"Proceed\"></input>'\nActual value: enabled\nScreenshot: file:/home/runner/work/teamcity-testing-framework/teamcity-testing-framework/build/reports/tests/1732966917285.0.png\nPage source: file:/home/runner/work/teamcity-testing-framework/teamcity-testing-framework/build/reports/tests/1732966917285.0.html\nTimeout: 4 s.\n\tat com.codeborne.selenide.impl.WebElementSource.handleError(WebElementSource.java:147)\n\tat com.codeborne.selenide.impl.WebElementSource.checkConditionAndReturnElement(WebElementSource.java:125)\n\tat com.codeborne.selenide.impl.WebElementSource.checkCondition(WebElementSource.java:102)\n\tat com.codeborne.selenide.commands.Should.execute(Should.java:30)\n\tat com.codeborne.selenide.commands.Should.execute(Should.java:14)\n\tat com.codeborne.selenide.commands.Commands.execute(Commands.java:162)\n\tat com.codeborne.selenide.impl.SelenideElementProxy.dispatchAndRetry(SelenideElementProxy.java:134)\n\tat com.codeborne.selenide.impl.SelenideElementProxy.invoke(SelenideElementProxy.java:86)\n\tat jdk.proxy2/jdk.proxy2.$Proxy11.shouldHave(Unknown Source)\n\tat com.example.teamcity.ui.CreateProjectTest.userCreatesBuildTypeForNotTheirProjectTest(CreateProjectTest.java:82)\n\tat java.base/jdk.internal.reflect.NativeMethodAccessorImpl.invoke0(Native Method)\n\tat java.base/jdk.internal.reflect.NativeMethodAccessorImpl.invoke(NativeMethodAccessorImpl.java:77)\n\tat java.base/jdk.internal.reflect.DelegatingMethodAccessorImpl.invoke(DelegatingMethodAccessorImpl.java:43)\n\tat java.base/java.lang.reflect.Method.invoke(Method.java:569)\n\tat org.testng.internal.invokers.MethodInvocationHelper.invokeMethod(MethodInvocationHelper.java:141)\n\tat org.testng.internal.invokers.TestInvoker.invokeMethod(TestInvoker.java:686)\n\tat org.testng.internal.invokers.TestInvoker.invokeTestMethod(TestInvoker.java:230)\n\tat org.testng.internal.invokers.MethodRunner.runInSequence(MethodRunner.java:63)\n\tat org.testng.internal.invokers.TestInvoker$MethodInvocationAgent.invoke(TestInvoker.java:992)\n\tat org.testng.internal.invokers.TestInvoker.invokeTestMethods(TestInvoker.java:203)\n\tat org.testng.internal.invokers.TestMethodWorker.invokeTestMethods(TestMethodWorker.java:154)\n\tat org.testng.internal.invokers.TestMethodWorker.run(TestMethodWorker.java:134)\n\tat java.base/java.util.ArrayList.forEach(ArrayList.java:1511)\n\tat org.testng.TestRunner.privateRun(TestRunner.java:739)\n\tat org.testng.TestRunner.run(TestRunner.java:614)\n\tat org.testng.SuiteRunner.runTest(SuiteRunner.java:421)\n\tat org.testng.SuiteRunner.runSequentially(SuiteRunner.java:413)\n\tat org.testng.SuiteRunner.privateRun(SuiteRunner.java:373)\n\tat org.testng.SuiteRunner.run(SuiteRunner.java:312)\n\tat org.testng.SuiteRunnerWorker.runSuite(SuiteRunnerWorker.java:52)\n\tat org.testng.SuiteRunnerWorker.run(SuiteRunnerWorker.java:95)\n\tat org.testng.TestNG.runSuitesSequentially(TestNG.java:1274)\n\tat org.testng.TestNG.runSuitesLocally(TestNG.java:1208)\n\tat org.testng.TestNG.runSuites(TestNG.java:1112)\n\tat org.testng.TestNG.run(TestNG.java:1079)\n\tat org.apache.maven.surefire.testng.TestNGExecutor.run(TestNGExecutor.java:155)\n\tat org.apache.maven.surefire.testng.TestNGDirectoryTestSuite.executeMulti(TestNGDirectoryTestSuite.java:169)\n\tat org.apache.maven.surefire.testng.TestNGDirectoryTestSuite.execute(TestNGDirectoryTestSuite.java:88)\n\tat org.apache.maven.surefire.testng.TestNGProvider.invoke(TestNGProvider.java:137)\n\tat org.apache.maven.surefire.booter.ForkedBooter.runSuitesInProcess(ForkedBooter.java:385)\n\tat org.apache.maven.surefire.booter.ForkedBooter.execute(ForkedBooter.java:162)\n\tat org.apache.maven.surefire.booter.ForkedBooter.run(ForkedBooter.java:507)\n\tat org.apache.maven.surefire.booter.ForkedBooter.main(ForkedBooter.java:495)\n","steps":[{"name":"Open login page","time":{"start":1732966906737,"stop":1732966909272,"duration":2535},"status":"passed","steps":[{"name":"$(\"open\") http://172.17.0.1:8111/login.html","time":{"start":1732966906737,"stop":1732966909272,"duration":2535},"status":"passed","steps":[{"name":"$(\"webdriver\") create()","time":{"start":1732966906737,"stop":1732966908362,"duration":1625},"status":"passed","steps":[],"attachments":[],"parameters":[],"shouldDisplayMessage":false,"stepsCount":0,"attachmentsCount":0,"hasContent":false}],"attachments":[],"parameters":[],"shouldDisplayMessage":false,"stepsCount":1,"attachmentsCount":0,"hasContent":true}],"attachments":[],"parameters":[],"shouldDisplayMessage":false,"stepsCount":2,"attachmentsCount":0,"hasContent":true},{"name":"Login as test_WQmqvkttXM","time":{"start":1732966909272,"stop":1732966912015,"duration":2743},"status":"passed","steps":[{"name":"$(\"#username\") val(test_WQmqvkttXM)","time":{"start":1732966909274,"stop":1732966909673,"duration":399},"status":"passed","steps":[],"attachments":[],"parameters":[],"shouldDisplayMessage":false,"stepsCount":0,"attachmentsCount":0,"hasContent":false},{"name":"$(\"#password\") val(test_bouDRWbhPY)","time":{"start":1732966909673,"stop":1732966909868,"duration":195},"status":"passed","steps":[],"attachments":[],"parameters":[],"shouldDisplayMessage":false,"stepsCount":0,"attachmentsCount":0,"hasContent":false},{"name":"$(\".loginButton\") click()","time":{"start":1732966909868,"stop":1732966909976,"duration":108},"status":"passed","steps":[],"attachments":[],"parameters":[],"shouldDisplayMessage":false,"stepsCount":0,"attachmentsCount":0,"hasContent":false},{"name":"$(\"[data-test = 'sidebar-search']\") should be([visible, 30 s.])","time":{"start":1732966909977,"stop":1732966912015,"duration":2038},"status":"passed","steps":[],"attachments":[],"parameters":[],"shouldDisplayMessage":false,"stepsCount":0,"attachmentsCount":0,"hasContent":false}],"attachments":[],"parameters":[{"name":"user","value":"User(id=null, username=test_WQmqvkttXM, password=test_bouDRWbhPY, roles=Roles(role=[Role(roleId=PROJECT_ADMIN, scope=p:test_hHiHiwRZtF)]))"}],"shouldDisplayMessage":false,"stepsCount":4,"attachmentsCount":0,"hasContent":true},{"name":"$(\"open\") http://172.17.0.1:8111/admin/createObjectMenu.html?projectId=test_uvtYHxpOni&showMode=createBuildTypeMenu","time":{"start":1732966912015,"stop":1732966913096,"duration":1081},"status":"passed","steps":[],"attachments":[],"parameters":[],"shouldDisplayMessage":false,"stepsCount":0,"attachmentsCount":0,"hasContent":false},{"name":"$(\"[value=\"Proceed\"]\") should have(disabled)","time":{"start":1732966913096,"stop":1732966917863,"duration":4767},"status":"failed","statusMessage":"Element should have disabled {[value=\"Proceed\"]}\nElement: '<input class=\"btn btn_primary submitButton \" name=\"createProjectFromUrl\" type=\"submit\" value=\"Proceed\"></input>'\nActual value: enabled\nScreenshot: file:/home/runner/work/teamcity-testing-framework/teamcity-testing-framework/build/reports/tests/1732966917285.0.png\nPage source: file:/home/runner/work/teamcity-testing-framework/teamcity-testing-framework/build/reports/tests/1732966917285.0.html\nTimeout: 4 s.","statusTrace":"Element should have disabled {[value=\"Proceed\"]}\nElement: '<input class=\"btn btn_primary submitButton \" name=\"createProjectFromUrl\" type=\"submit\" value=\"Proceed\"></input>'\nActual value: enabled\nScreenshot: file:/home/runner/work/teamcity-testing-framework/teamcity-testing-framework/build/reports/tests/1732966917285.0.png\nPage source: file:/home/runner/work/teamcity-testing-framework/teamcity-testing-framework/build/reports/tests/1732966917285.0.html\nTimeout: 4 s.\n\tat com.codeborne.selenide.impl.WebElementSource.handleError(WebElementSource.java:147)\n\tat com.codeborne.selenide.impl.WebElementSource.checkConditionAndReturnElement(WebElementSource.java:125)\n\tat com.codeborne.selenide.impl.WebElementSource.checkCondition(WebElementSource.java:102)\n\tat com.codeborne.selenide.commands.Should.execute(Should.java:30)\n\tat com.codeborne.selenide.commands.Should.execute(Should.java:14)\n\tat com.codeborne.selenide.commands.Commands.execute(Commands.java:162)\n\tat com.codeborne.selenide.impl.SelenideElementProxy.dispatchAndRetry(SelenideElementProxy.java:134)\n\tat com.codeborne.selenide.impl.SelenideElementProxy.invoke(SelenideElementProxy.java:86)\n\tat jdk.proxy2/jdk.proxy2.$Proxy11.shouldHave(Unknown Source)\n\tat com.example.teamcity.ui.CreateProjectTest.userCreatesBuildTypeForNotTheirProjectTest(CreateProjectTest.java:82)\n\tat java.base/jdk.internal.reflect.NativeMethodAccessorImpl.invoke0(Native Method)\n\tat java.base/jdk.internal.reflect.NativeMethodAccessorImpl.invoke(NativeMethodAccessorImpl.java:77)\n\tat java.base/jdk.internal.reflect.DelegatingMethodAccessorImpl.invoke(DelegatingMethodAccessorImpl.java:43)\n\tat java.base/java.lang.reflect.Method.invoke(Method.java:569)\n\tat org.testng.internal.invokers.MethodInvocationHelper.invokeMethod(MethodInvocationHelper.java:141)\n\tat org.testng.internal.invokers.TestInvoker.invokeMethod(TestInvoker.java:686)\n\tat org.testng.internal.invokers.TestInvoker.invokeTestMethod(TestInvoker.java:230)\n\tat org.testng.internal.invokers.MethodRunner.runInSequence(MethodRunner.java:63)\n\tat org.testng.internal.invokers.TestInvoker$MethodInvocationAgent.invoke(TestInvoker.java:992)\n\tat org.testng.internal.invokers.TestInvoker.invokeTestMethods(TestInvoker.java:203)\n\tat org.testng.internal.invokers.TestMethodWorker.invokeTestMethods(TestMethodWorker.java:154)\n\tat org.testng.internal.invokers.TestMethodWorker.run(TestMethodWorker.java:134)\n\tat java.base/java.util.ArrayList.forEach(ArrayList.java:1511)\n\tat org.testng.TestRunner.privateRun(TestRunner.java:739)\n\tat org.testng.TestRunner.run(TestRunner.java:614)\n\tat org.testng.SuiteRunner.runTest(SuiteRunner.java:421)\n\tat org.testng.SuiteRunner.runSequentially(SuiteRunner.java:413)\n\tat org.testng.SuiteRunner.privateRun(SuiteRunner.java:373)\n\tat org.testng.SuiteRunner.run(SuiteRunner.java:312)\n\tat org.testng.SuiteRunnerWorker.runSuite(SuiteRunnerWorker.java:52)\n\tat org.testng.SuiteRunnerWorker.run(SuiteRunnerWorker.java:95)\n\tat org.testng.TestNG.runSuitesSequentially(TestNG.java:1274)\n\tat org.testng.TestNG.runSuitesLocally(TestNG.java:1208)\n\tat org.testng.TestNG.runSuites(TestNG.java:1112)\n\tat org.testng.TestNG.run(TestNG.java:1079)\n\tat org.apache.maven.surefire.testng.TestNGExecutor.run(TestNGExecutor.java:155)\n\tat org.apache.maven.surefire.testng.TestNGDirectoryTestSuite.executeMulti(TestNGDirectoryTestSuite.java:169)\n\tat org.apache.maven.surefire.testng.TestNGDirectoryTestSuite.execute(TestNGDirectoryTestSuite.java:88)\n\tat org.apache.maven.surefire.testng.TestNGProvider.invoke(TestNGProvider.java:137)\n\tat org.apache.maven.surefire.booter.ForkedBooter.runSuitesInProcess(ForkedBooter.java:385)\n\tat org.apache.maven.surefire.booter.ForkedBooter.execute(ForkedBooter.java:162)\n\tat org.apache.maven.surefire.booter.ForkedBooter.run(ForkedBooter.java:507)\n\tat org.apache.maven.surefire.booter.ForkedBooter.main(ForkedBooter.java:495)\n","steps":[],"attachments":[{"uid":"3b55b43342652115","name":"Screenshot","source":"3b55b43342652115.png","type":"image/png","size":105277},{"uid":"eaecd3d19f7ddef4","name":"Page source","source":"eaecd3d19f7ddef4.html","type":"text/html","size":219324}],"parameters":[],"shouldDisplayMessage":true,"stepsCount":0,"attachmentsCount":2,"hasContent":true}],"attachments":[{"uid":"7772d2dd0bf0d948","name":"Request","source":"7772d2dd0bf0d948.html","type":"text/html","size":935},{"uid":"7188cb935d73c5fd","name":"HTTP/1.1 200 ","source":"7188cb935d73c5fd.html","type":"text/html","size":2270},{"uid":"aed4acbe020a853f","name":"Request","source":"aed4acbe020a853f.html","type":"text/html","size":935},{"uid":"df713763c226696e","name":"HTTP/1.1 200 ","source":"df713763c226696e.html","type":"text/html","size":2270},{"uid":"d6ee1204be657153","name":"Request","source":"d6ee1204be657153.html","type":"text/html","size":1391},{"uid":"4c6f6aa2f253c7f7","name":"HTTP/1.1 200 ","source":"4c6f6aa2f253c7f7.html","type":"text/html","size":2158}],"parameters":[],"shouldDisplayMessage":false,"stepsCount":10,"attachmentsCount":8,"hasContent":true},"afterStages":[{"name":"closeWebDriver","time":{"start":1732966917880,"stop":1732966917948,"duration":68},"description":"","status":"passed","steps":[{"name":"$(\"webdriver\") close()","time":{"start":1732966917880,"stop":1732966917948,"duration":68},"status":"passed","steps":[],"attachments":[],"parameters":[],"shouldDisplayMessage":false,"stepsCount":0,"attachmentsCount":0,"hasContent":false}],"attachments":[],"parameters":[],"shouldDisplayMessage":false,"stepsCount":1,"attachmentsCount":0,"hasContent":true},{"name":"afterTest","time":{"start":1732966917949,"stop":1732966918192,"duration":243},"description":"","status":"passed","steps":[],"attachments":[{"uid":"582eccf84aed8fc4","name":"Request","source":"582eccf84aed8fc4.html","type":"text/html","size":606},{"uid":"8b73c8aab3e470c0","name":"HTTP/1.1 204 ","source":"8b73c8aab3e470c0.html","type":"text/html","size":478},{"uid":"ecae1e7a4bf3b87b","name":"Request","source":"ecae1e7a4bf3b87b.html","type":"text/html","size":606},{"uid":"5d71c2c2e47fb0de","name":"HTTP/1.1 204 ","source":"5d71c2c2e47fb0de.html","type":"text/html","size":478},{"uid":"b50189e444d9b76a","name":"Request","source":"b50189e444d9b76a.html","type":"text/html","size":572},{"uid":"c6866c8517596903","name":"HTTP/1.1 404 ","source":"c6866c8517596903.html","type":"text/html","size":823}],"parameters":[],"shouldDisplayMessage":false,"stepsCount":0,"attachmentsCount":6,"hasContent":true}],"labels":[{"name":"package","value":"com.example.teamcity.ui.CreateProjectTest"},{"name":"testClass","value":"com.example.teamcity.ui.CreateProjectTest"},{"name":"testMethod","value":"userCreatesBuildTypeForNotTheirProjectTest"},{"name":"parentSuite","value":"Surefire suite"},{"name":"suite","value":"Surefire test"},{"name":"subSuite","value":"com.example.teamcity.ui.CreateProjectTest"},{"name":"host","value":"fv-az740-991"},{"name":"thread","value":"4193@fv-az740-991.main(1)"},{"name":"framework","value":"testng"},{"name":"language","value":"java"},{"name":"resultFormat","value":"allure2"}],"parameters":[],"links":[],"hidden":false,"retry":false,"extra":{"severity":"normal","retries":[],"categories":[{"name":"Product defects","matchedStatuses":[],"flaky":false}],"history":{"statistic":{"failed":11,"broken":0,"skipped":0,"passed":0,"unknown":0,"total":11},"items":[{"uid":"98de0e55028c8606","reportUrl":"https://andrei-vlah.github.io/teamcity-testing-framework/ui/22//#testresult/98de0e55028c8606","status":"failed","statusDetails":"Element not found {[value=\"Proceed\"]}\nExpected: disabled\nScreenshot: file:/home/runner/work/teamcity-testing-framework/teamcity-testing-framework/build/reports/tests/1732905325429.0.png\nPage source: file:/home/runner/work/teamcity-testing-framework/teamcity-testing-framework/build/reports/tests/1732905325429.0.html\nTimeout: 4 s.\nCaused by: NoSuchElementException: no such element: Unable to locate element: {\"method\":\"css selector\",\"selector\":\"[value=\"Proceed\"]\"}","time":{"start":1732905311232,"stop":1732905326069,"duration":14837}},{"uid":"44c0f6cdc184565b","reportUrl":"https://andrei-vlah.github.io/teamcity-testing-framework/ui/21//#testresult/44c0f6cdc184565b","status":"failed","statusDetails":"Element should have disabled {[value=\"Proceed\"]}\nElement: '<input class=\"btn btn_primary submitButton \" name=\"createProjectFromUrl\" type=\"submit\" value=\"Proceed\"></input>'\nActual value: enabled\nScreenshot: file:/home/runner/work/teamcity-testing-framework/teamcity-testing-framework/build/reports/tests/1732902111932.0.png\nPage source: file:/home/runner/work/teamcity-testing-framework/teamcity-testing-framework/build/reports/tests/1732902111932.0.html\nTimeout: 4 s.","time":{"start":1732902069927,"stop":1732902112313,"duration":42386}},{"uid":"c3f3a3487f2647f9","reportUrl":"https://andrei-vlah.github.io/teamcity-testing-framework/ui/20//#testresult/c3f3a3487f2647f9","status":"failed","statusDetails":"Element should have disabled {[value=\"Proceed\"]}\nElement: '<input class=\"btn btn_primary submitButton \" name=\"createProjectFromUrl\" type=\"submit\" value=\"Proceed\"></input>'\nActual value: enabled\nScreenshot: file:/home/runner/work/teamcity-testing-framework/teamcity-testing-framework/build/reports/tests/1732901518949.0.png\nPage source: file:/home/runner/work/teamcity-testing-framework/teamcity-testing-framework/build/reports/tests/1732901518949.0.html\nTimeout: 4 s.","time":{"start":1732901507701,"stop":1732901519554,"duration":11853}},{"uid":"51746286d8b954df","reportUrl":"https://andrei-vlah.github.io/teamcity-testing-framework/ui/19//#testresult/51746286d8b954df","status":"failed","statusDetails":"Element should have disabled {[value=\"Proceed\"]}\nElement: '<input class=\"btn btn_primary submitButton \" name=\"createProjectFromUrl\" type=\"submit\" value=\"Proceed\"></input>'\nActual value: enabled\nScreenshot: file:/home/runner/work/teamcity-testing-framework/teamcity-testing-framework/build/reports/tests/1732829836416.0.png\nPage source: file:/home/runner/work/teamcity-testing-framework/teamcity-testing-framework/build/reports/tests/1732829836416.0.html\nTimeout: 4 s.","time":{"start":1732829825497,"stop":1732829837017,"duration":11520}},{"uid":"31939873a3288b95","reportUrl":"https://andrei-vlah.github.io/teamcity-testing-framework/ui/19//#testresult/31939873a3288b95","status":"failed","statusDetails":"Element should have disabled {[value=\"Proceed\"]}\nElement: '<input class=\"btn btn_primary submitButton \" name=\"createProjectFromUrl\" type=\"submit\" value=\"Proceed\"></input>'\nActual value: enabled\nScreenshot: file:/home/runner/work/teamcity-testing-framework/teamcity-testing-framework/build/reports/tests/1732741762448.0.png\nPage source: file:/home/runner/work/teamcity-testing-framework/teamcity-testing-framework/build/reports/tests/1732741762448.0.html\nTimeout: 4 s.","time":{"start":1732741751860,"stop":1732741763036,"duration":11176}},{"uid":"cc0d7b3fcffe588","reportUrl":"https://andrei-vlah.github.io/teamcity-testing-framework/ui/18//#testresult/cc0d7b3fcffe588","status":"failed","statusDetails":"Element should have disabled {[value=\"Proceed\"]}\nElement: '<input class=\"btn btn_primary submitButton \" name=\"createProjectFromUrl\" type=\"submit\" value=\"Proceed\"></input>'\nActual value: enabled\nScreenshot: file:/home/runner/work/teamcity-testing-framework/teamcity-testing-framework/build/reports/tests/1732737963747.0.png\nPage source: file:/home/runner/work/teamcity-testing-framework/teamcity-testing-framework/build/reports/tests/1732737963747.0.html\nTimeout: 4 s.","time":{"start":1732737952934,"stop":1732737964409,"duration":11475}},{"uid":"122deeab96c804af","reportUrl":"https://andrei-vlah.github.io/teamcity-testing-framework/ui/17//#testresult/122deeab96c804af","status":"failed","statusDetails":"Element should have disabled {[value=\"Proceed\"]}\nElement: '<input class=\"btn btn_primary submitButton \" name=\"createProjectFromUrl\" type=\"submit\" value=\"Proceed\"></input>'\nActual value: enabled\nScreenshot: file:/home/runner/work/teamcity-testing-framework/teamcity-testing-framework/build/reports/tests/1732737489150.1.png\nPage source: file:/home/runner/work/teamcity-testing-framework/teamcity-testing-framework/build/reports/tests/1732737489150.1.html\nTimeout: 4 s.","time":{"start":1732737478061,"stop":1732737489659,"duration":11598}},{"uid":"a3f1f71f3118eba2","reportUrl":"https://andrei-vlah.github.io/teamcity-testing-framework/ui/16//#testresult/a3f1f71f3118eba2","status":"failed","statusDetails":"Element should have disabled {[value=\"Proceed\"]}\nElement: '<input class=\"btn btn_primary submitButton \" name=\"createProjectFromUrl\" type=\"submit\" value=\"Proceed\"></input>'\nActual value: enabled\nScreenshot: file:/home/runner/work/teamcity-testing-framework/teamcity-testing-framework/build/reports/tests/1732736143091.1.png\nPage source: file:/home/runner/work/teamcity-testing-framework/teamcity-testing-framework/build/reports/tests/1732736143091.1.html\nTimeout: 4 s.","time":{"start":1732736132075,"stop":1732736143598,"duration":11523}},{"uid":"87973cc616160d98","reportUrl":"https://andrei-vlah.github.io/teamcity-testing-framework/ui/15//#testresult/87973cc616160d98","status":"failed","statusDetails":"Element not found {#username}\nExpected: editable\nScreenshot: file:/home/runner/work/teamcity-testing-framework/teamcity-testing-framework/build/reports/tests/1732725058934.2.png\nPage source: file:/home/runner/work/teamcity-testing-framework/teamcity-testing-framework/build/reports/tests/1732725058934.2.html\nTimeout: 4 s.\nCaused by: NoSuchElementException: no such element: Unable to locate element: {\"method\":\"css selector\",\"selector\":\"#username\"}","time":{"start":1732725050015,"stop":1732725059347,"duration":9332}},{"uid":"98b20231479b446e","reportUrl":"https://andrei-vlah.github.io/teamcity-testing-framework/ui/14//#testresult/98b20231479b446e","status":"failed","statusDetails":"Element not found {#username}\nExpected: editable\nScreenshot: file:/home/runner/work/teamcity-testing-framework/teamcity-testing-framework/build/reports/tests/1732724329051.2.png\nPage source: file:/home/runner/work/teamcity-testing-framework/teamcity-testing-framework/build/reports/tests/1732724329051.2.html\nTimeout: 4 s.\nCaused by: NoSuchElementException: no such element: Unable to locate element: {\"method\":\"css selector\",\"selector\":\"#username\"}","time":{"start":1732724320363,"stop":1732724329470,"duration":9107}}]},"tags":[]},"source":"380220f38d87d88.json","parameterValues":[]}